\BOOKMARK [1][-]{section.1}{Vorwort}{}% 1
\BOOKMARK [2][-]{subsection.1.1}{Beschreibung des Projektes}{section.1}% 2
\BOOKMARK [2][-]{subsection.1.2}{Ziel des Projektes}{section.1}% 3
\BOOKMARK [2][-]{subsection.1.3}{Umfeld des Projektes}{section.1}% 4
\BOOKMARK [2][-]{subsection.1.4}{Projektentscheidung}{section.1}% 5
\BOOKMARK [2][-]{subsection.1.5}{Beschr\344nkungen des Projektes}{section.1}% 6
\BOOKMARK [1][-]{section.2}{Projekt-Planung}{}% 7
\BOOKMARK [2][-]{subsection.2.1}{Projektverlauf}{section.2}% 8
\BOOKMARK [2][-]{subsection.2.2}{Ressourcenplanung}{section.2}% 9
\BOOKMARK [2][-]{subsection.2.3}{Entwicklungsprozess}{section.2}% 10
\BOOKMARK [1][-]{section.3}{Analysephase}{}% 11
\BOOKMARK [2][-]{subsection.3.1}{Ist-Analyse}{section.3}% 12
\BOOKMARK [2][-]{subsection.3.2}{Wirtschaftlichkeit}{section.3}% 13
\BOOKMARK [3][-]{subsubsection.3.2.1}{Kosten}{subsection.3.2}% 14
\BOOKMARK [3][-]{subsubsection.3.2.2}{Amortisation}{subsection.3.2}% 15
\BOOKMARK [2][-]{subsection.3.3}{Anforderungen}{section.3}% 16
\BOOKMARK [1][-]{section.4}{Entwurfsphase}{}% 17
\BOOKMARK [2][-]{subsection.4.1}{Architektur}{section.4}% 18
\BOOKMARK [2][-]{subsection.4.2}{Server}{section.4}% 19
\BOOKMARK [2][-]{subsection.4.3}{Client/Frontend}{section.4}% 20
\BOOKMARK [1][-]{section.5}{Implementierungsphase}{}% 21
\BOOKMARK [2][-]{subsection.5.1}{Pl\344ne}{section.5}% 22
\BOOKMARK [1][-]{section.6}{Abschlussphase}{}% 23
\BOOKMARK [1][-]{section.7}{Dokumentation}{}% 24
\BOOKMARK [2][-]{subsubsection.7.0.1}{Projektdokumentation}{section.7}% 25
\BOOKMARK [3][-]{subsubsection.7.0.2}{Projektdokumentation}{subsubsection.7.0.1}% 26
\BOOKMARK [1][-]{section.8}{Endstand}{}% 27
\BOOKMARK [2][-]{subsection.8.1}{Ist/Soll-Zustand}{section.8}% 28
\BOOKMARK [3][-]{subsubsection.8.1.1}{Geschwindigkeit}{subsection.8.1}% 29
\BOOKMARK [3][-]{subsubsection.8.1.2}{Layout}{subsection.8.1}% 30
\BOOKMARK [3][-]{subsubsection.8.1.3}{SSR}{subsection.8.1}% 31
\BOOKMARK [3][-]{subsubsection.8.1.4}{CMS}{subsection.8.1}% 32
\BOOKMARK [2][-]{subsection.8.2}{Quo Vadis ?}{section.8}% 33
\BOOKMARK [2][-]{subsection.8.3}{Fazit f\374r zuk\374nftige Projekte}{section.8}% 34
\BOOKMARK [1][-]{appendix.A}{Abbildungen}{}% 35
\BOOKMARK [2][-]{subsection.A.1}{Tabellen}{appendix.A}% 36
\BOOKMARK [3][-]{subsubsection.A.1.1}{Detaillierte \334bersicht der Aufgaben}{subsection.A.1}% 37
\BOOKMARK [2][-]{subsection.A.2}{Grafiken}{appendix.A}% 38
\BOOKMARK [3][-]{subsubsection.A.2.1}{Website Mockup}{subsection.A.2}% 39
\BOOKMARK [3][-]{subsubsection.A.2.2}{PageSpeed Insights}{subsection.A.2}% 40
\BOOKMARK [3][-]{subsubsection.A.2.3}{ }{subsection.A.2}% 41
\BOOKMARK [3][-]{subsubsection.A.2.4}{ }{subsection.A.2}% 42
\BOOKMARK [2][-]{subsection.A.3}{Screenshots}{appendix.A}% 43
\BOOKMARK [3][-]{subsubsection.A.3.1}{Alte Website}{subsection.A.3}% 44
\BOOKMARK [3][-]{subsubsection.A.3.2}{Entwickler Dokumentation}{subsection.A.3}% 45
\BOOKMARK [3][-]{subsubsection.A.3.3}{Responsive Design}{subsection.A.3}% 46
